<?xml version="1.0" encoding="UTF-8"?>
<testng-results ignored="0" total="1" passed="1" failed="0" skipped="0">
  <reporter-output>
  </reporter-output>
  <suite started-at="2023-12-19T15:58:37 IST" name="Default suite" finished-at="2023-12-19T16:06:24 IST" duration-ms="466982">
    <groups>
    </groups>
    <test started-at="2023-12-19T15:58:37 IST" name="Default test" finished-at="2023-12-19T16:06:24 IST" duration-ms="466982">
      <class name="TESTSCRIPT.AddCartProduct">
        <test-method is-config="true" signature="startServer()[pri:0, instance:TESTSCRIPT.AddCartProduct@3a44431a]" started-at="2023-12-19T15:58:37 IST" name="startServer" finished-at="2023-12-19T15:58:37 IST" duration-ms="252" status="PASS">
          <reporter-output>
          </reporter-output>
        </test-method> <!-- startServer -->
        <test-method is-config="true" signature="openApplication()[pri:0, instance:TESTSCRIPT.AddCartProduct@3a44431a]" started-at="2023-12-19T15:58:37 IST" name="openApplication" finished-at="2023-12-19T15:58:50 IST" duration-ms="13329" status="PASS">
          <reporter-output>
          </reporter-output>
        </test-method> <!-- openApplication -->
        <test-method is-config="true" signature="setLogin()[pri:0, instance:TESTSCRIPT.AddCartProduct@3a44431a]" started-at="2023-12-19T15:58:51 IST" name="setLogin" finished-at="2023-12-19T15:59:00 IST" duration-ms="9745" status="PASS">
          <reporter-output>
          </reporter-output>
        </test-method> <!-- setLogin -->
        <test-method signature="addCartPage()[pri:0, instance:TESTSCRIPT.AddCartProduct@3a44431a]" started-at="2023-12-19T15:59:00 IST" name="addCartPage" finished-at="2023-12-19T16:06:24 IST" duration-ms="443255" status="PASS">
          <reporter-output>
          </reporter-output>
        </test-method> <!-- addCartPage -->
        <test-method is-config="true" signature="closeApp()[pri:0, instance:TESTSCRIPT.AddCartProduct@3a44431a]" started-at="2023-12-19T16:06:24 IST" name="closeApp" finished-at="2023-12-19T16:06:24 IST" duration-ms="553" status="PASS">
          <reporter-output>
          </reporter-output>
        </test-method> <!-- closeApp -->
        <test-method is-config="true" signature="stopServer()[pri:0, instance:TESTSCRIPT.AddCartProduct@3a44431a]" started-at="2023-12-19T16:06:24 IST" name="stopServer" finished-at="2023-12-19T16:06:24 IST" duration-ms="54" status="PASS">
          <reporter-output>
          </reporter-output>
        </test-method> <!-- stopServer -->
      </class> <!-- TESTSCRIPT.AddCartProduct -->
    </test> <!-- Default test -->
  </suite> <!-- Default suite -->
</testng-results>
