<?xml version="1.0" encoding="UTF-8"?>
<testng-results ignored="0" total="1" passed="0" failed="0" skipped="1">
  <reporter-output>
  </reporter-output>
  <suite started-at="2023-12-19T13:09:19 IST" name="Default suite" finished-at="2023-12-19T13:09:41 IST" duration-ms="22044">
    <groups>
    </groups>
    <test started-at="2023-12-19T13:09:19 IST" name="Default test" finished-at="2023-12-19T13:09:41 IST" duration-ms="22044">
      <class name="TESTSCRIPT.AddCartProduct">
        <test-method is-config="true" signature="startServer()[pri:0, instance:TESTSCRIPT.AddCartProduct@3a44431a]" started-at="2023-12-19T13:09:19 IST" name="startServer" finished-at="2023-12-19T13:09:19 IST" duration-ms="303" status="PASS">
          <reporter-output>
          </reporter-output>
        </test-method> <!-- startServer -->
        <test-method is-config="true" signature="openApplication()[pri:0, instance:TESTSCRIPT.AddCartProduct@3a44431a]" started-at="2023-12-19T13:09:19 IST" name="openApplication" finished-at="2023-12-19T13:09:41 IST" duration-ms="21914" status="FAIL">
          <exception class="org.openqa.selenium.SessionNotCreatedException">
            <message>
              <![CDATA[Could not start a new session. Response code 500. Message: An unknown server-side error occurred while processing the command. Original error: Could not find a connected Android device in 20000ms 
Host info: host: 'DESKTOP-AA4PKFL', ip: '10.10.61.211'
Build info: version: '4.16.1', revision: '9b4c83354e'
System info: os.name: 'Windows 10', os.arch: 'amd64', os.version: '10.0', java.version: '17.0.8.1'
Driver info: io.appium.java_client.android.AndroidDriver
Command: [null, newSession {capabilities=[{appium:UDID=88068908, appium:appActivity=com.asos.app.aliases.ExternalDeeplinkAlias, appium:appPackage=com.asos.app, appium:automationName=UiAutomator2, appium:deviceName=RedmiNote 9ProMax, platformName=ANDROID}], desiredCapabilities=Capabilities {UDID: 88068908, appActivity: com.asos.app.aliases.Extern..., appPackage: com.asos.app, automationName: UiAutomator2, deviceName: RedmiNote 9ProMax, platformName: ANDROID}}]
Capabilities {UDID: 88068908, appActivity: com.asos.app.aliases.Extern..., appPackage: com.asos.app, automationName: UiAutomator2, deviceName: RedmiNote 9ProMax, platformName: ANDROID}]]>
            </message>
            <full-stacktrace>
              <![CDATA[org.openqa.selenium.SessionNotCreatedException: Could not start a new session. Response code 500. Message: An unknown server-side error occurred while processing the command. Original error: Could not find a connected Android device in 20000ms 
Host info: host: 'DESKTOP-AA4PKFL', ip: '10.10.61.211'
Build info: version: '4.16.1', revision: '9b4c83354e'
System info: os.name: 'Windows 10', os.arch: 'amd64', os.version: '10.0', java.version: '17.0.8.1'
Driver info: io.appium.java_client.android.AndroidDriver
Command: [null, newSession {capabilities=[{appium:UDID=88068908, appium:appActivity=com.asos.app.aliases.ExternalDeeplinkAlias, appium:appPackage=com.asos.app, appium:automationName=UiAutomator2, appium:deviceName=RedmiNote 9ProMax, platformName=ANDROID}], desiredCapabilities=Capabilities {UDID: 88068908, appActivity: com.asos.app.aliases.Extern..., appPackage: com.asos.app, automationName: UiAutomator2, deviceName: RedmiNote 9ProMax, platformName: ANDROID}}]
Capabilities {UDID: 88068908, appActivity: com.asos.app.aliases.Extern..., appPackage: com.asos.app, automationName: UiAutomator2, deviceName: RedmiNote 9ProMax, platformName: ANDROID}
at org.openqa.selenium.remote.ProtocolHandshake.createSession(ProtocolHandshake.java:140)
at java.base/jdk.internal.reflect.NativeMethodAccessorImpl.invoke0(Native Method)
at java.base/jdk.internal.reflect.NativeMethodAccessorImpl.invoke(NativeMethodAccessorImpl.java:77)
at java.base/jdk.internal.reflect.DelegatingMethodAccessorImpl.invoke(DelegatingMethodAccessorImpl.java:43)
at java.base/java.lang.reflect.Method.invoke(Method.java:568)
at io.appium.java_client.remote.AppiumProtocolHandshake.createSession(AppiumProtocolHandshake.java:133)
at io.appium.java_client.remote.AppiumProtocolHandshake.createSession(AppiumProtocolHandshake.java:102)
at io.appium.java_client.remote.AppiumCommandExecutor.createSession(AppiumCommandExecutor.java:177)
at io.appium.java_client.remote.AppiumCommandExecutor.execute(AppiumCommandExecutor.java:238)
at org.openqa.selenium.remote.RemoteWebDriver.execute(RemoteWebDriver.java:523)
at io.appium.java_client.AppiumDriver.startSession(AppiumDriver.java:268)
at org.openqa.selenium.remote.RemoteWebDriver.<init>(RemoteWebDriver.java:164)
at io.appium.java_client.AppiumDriver.<init>(AppiumDriver.java:90)
at io.appium.java_client.AppiumDriver.<init>(AppiumDriver.java:102)
at io.appium.java_client.android.AndroidDriver.<init>(AndroidDriver.java:109)
at COM.ASSOS.GENERIC.BaseAppiumClass.openApplication(BaseAppiumClass.java:65)
at java.base/jdk.internal.reflect.NativeMethodAccessorImpl.invoke0(Native Method)
at java.base/jdk.internal.reflect.NativeMethodAccessorImpl.invoke(NativeMethodAccessorImpl.java:77)
at java.base/jdk.internal.reflect.DelegatingMethodAccessorImpl.invoke(DelegatingMethodAccessorImpl.java:43)
at java.base/java.lang.reflect.Method.invoke(Method.java:568)
at org.testng.internal.MethodInvocationHelper.invokeMethod(MethodInvocationHelper.java:133)
at org.testng.internal.MethodInvocationHelper.invokeMethodConsideringTimeout(MethodInvocationHelper.java:62)
at org.testng.internal.ConfigInvoker.invokeConfigurationMethod(ConfigInvoker.java:385)
at org.testng.internal.ConfigInvoker.invokeConfigurations(ConfigInvoker.java:321)
at org.testng.internal.TestMethodWorker.invokeBeforeClassMethods(TestMethodWorker.java:176)
at org.testng.internal.TestMethodWorker.run(TestMethodWorker.java:122)
at java.base/java.util.ArrayList.forEach(ArrayList.java:1511)
at org.testng.TestRunner.privateRun(TestRunner.java:794)
at org.testng.TestRunner.run(TestRunner.java:596)
at org.testng.SuiteRunner.runTest(SuiteRunner.java:377)
at org.testng.SuiteRunner.runSequentially(SuiteRunner.java:371)
at org.testng.SuiteRunner.privateRun(SuiteRunner.java:332)
at org.testng.SuiteRunner.run(SuiteRunner.java:276)
at org.testng.SuiteRunnerWorker.runSuite(SuiteRunnerWorker.java:53)
at org.testng.SuiteRunnerWorker.run(SuiteRunnerWorker.java:96)
at org.testng.TestNG.runSuitesSequentially(TestNG.java:1212)
at org.testng.TestNG.runSuitesLocally(TestNG.java:1134)
at org.testng.TestNG.runSuites(TestNG.java:1063)
at org.testng.TestNG.run(TestNG.java:1031)
at org.testng.remote.AbstractRemoteTestNG.run(AbstractRemoteTestNG.java:115)
at org.testng.remote.RemoteTestNG.initAndRun(RemoteTestNG.java:251)
at org.testng.remote.RemoteTestNG.main(RemoteTestNG.java:77)
]]>
            </full-stacktrace>
          </exception> <!-- org.openqa.selenium.SessionNotCreatedException -->
          <reporter-output>
          </reporter-output>
        </test-method> <!-- openApplication -->
        <test-method is-config="true" signature="setLogin()[pri:0, instance:TESTSCRIPT.AddCartProduct@3a44431a]" started-at="2023-12-19T13:09:41 IST" name="setLogin" finished-at="1970-01-01T05:30:00 IST" duration-ms="-1702971581958" status="SKIP">
          <reporter-output>
          </reporter-output>
        </test-method> <!-- setLogin -->
        <test-method signature="addCartPage()[pri:0, instance:TESTSCRIPT.AddCartProduct@3a44431a]" started-at="2023-12-19T13:09:41 IST" name="addCartPage" finished-at="2023-12-19T13:09:41 IST" duration-ms="0" status="SKIP">
          <exception class="org.openqa.selenium.SessionNotCreatedException">
            <message>
              <![CDATA[Could not start a new session. Response code 500. Message: An unknown server-side error occurred while processing the command. Original error: Could not find a connected Android device in 20000ms 
Host info: host: 'DESKTOP-AA4PKFL', ip: '10.10.61.211'
Build info: version: '4.16.1', revision: '9b4c83354e'
System info: os.name: 'Windows 10', os.arch: 'amd64', os.version: '10.0', java.version: '17.0.8.1'
Driver info: io.appium.java_client.android.AndroidDriver
Command: [null, newSession {capabilities=[{appium:UDID=88068908, appium:appActivity=com.asos.app.aliases.ExternalDeeplinkAlias, appium:appPackage=com.asos.app, appium:automationName=UiAutomator2, appium:deviceName=RedmiNote 9ProMax, platformName=ANDROID}], desiredCapabilities=Capabilities {UDID: 88068908, appActivity: com.asos.app.aliases.Extern..., appPackage: com.asos.app, automationName: UiAutomator2, deviceName: RedmiNote 9ProMax, platformName: ANDROID}}]
Capabilities {UDID: 88068908, appActivity: com.asos.app.aliases.Extern..., appPackage: com.asos.app, automationName: UiAutomator2, deviceName: RedmiNote 9ProMax, platformName: ANDROID}]]>
            </message>
            <full-stacktrace>
              <![CDATA[org.openqa.selenium.SessionNotCreatedException: Could not start a new session. Response code 500. Message: An unknown server-side error occurred while processing the command. Original error: Could not find a connected Android device in 20000ms 
Host info: host: 'DESKTOP-AA4PKFL', ip: '10.10.61.211'
Build info: version: '4.16.1', revision: '9b4c83354e'
System info: os.name: 'Windows 10', os.arch: 'amd64', os.version: '10.0', java.version: '17.0.8.1'
Driver info: io.appium.java_client.android.AndroidDriver
Command: [null, newSession {capabilities=[{appium:UDID=88068908, appium:appActivity=com.asos.app.aliases.ExternalDeeplinkAlias, appium:appPackage=com.asos.app, appium:automationName=UiAutomator2, appium:deviceName=RedmiNote 9ProMax, platformName=ANDROID}], desiredCapabilities=Capabilities {UDID: 88068908, appActivity: com.asos.app.aliases.Extern..., appPackage: com.asos.app, automationName: UiAutomator2, deviceName: RedmiNote 9ProMax, platformName: ANDROID}}]
Capabilities {UDID: 88068908, appActivity: com.asos.app.aliases.Extern..., appPackage: com.asos.app, automationName: UiAutomator2, deviceName: RedmiNote 9ProMax, platformName: ANDROID}
at org.openqa.selenium.remote.ProtocolHandshake.createSession(ProtocolHandshake.java:140)
at java.base/jdk.internal.reflect.NativeMethodAccessorImpl.invoke0(Native Method)
at java.base/jdk.internal.reflect.NativeMethodAccessorImpl.invoke(NativeMethodAccessorImpl.java:77)
at java.base/jdk.internal.reflect.DelegatingMethodAccessorImpl.invoke(DelegatingMethodAccessorImpl.java:43)
at java.base/java.lang.reflect.Method.invoke(Method.java:568)
at io.appium.java_client.remote.AppiumProtocolHandshake.createSession(AppiumProtocolHandshake.java:133)
at io.appium.java_client.remote.AppiumProtocolHandshake.createSession(AppiumProtocolHandshake.java:102)
at io.appium.java_client.remote.AppiumCommandExecutor.createSession(AppiumCommandExecutor.java:177)
at io.appium.java_client.remote.AppiumCommandExecutor.execute(AppiumCommandExecutor.java:238)
at org.openqa.selenium.remote.RemoteWebDriver.execute(RemoteWebDriver.java:523)
at io.appium.java_client.AppiumDriver.startSession(AppiumDriver.java:268)
at org.openqa.selenium.remote.RemoteWebDriver.<init>(RemoteWebDriver.java:164)
at io.appium.java_client.AppiumDriver.<init>(AppiumDriver.java:90)
at io.appium.java_client.AppiumDriver.<init>(AppiumDriver.java:102)
at io.appium.java_client.android.AndroidDriver.<init>(AndroidDriver.java:109)
at COM.ASSOS.GENERIC.BaseAppiumClass.openApplication(BaseAppiumClass.java:65)
at java.base/jdk.internal.reflect.NativeMethodAccessorImpl.invoke0(Native Method)
at java.base/jdk.internal.reflect.NativeMethodAccessorImpl.invoke(NativeMethodAccessorImpl.java:77)
at java.base/jdk.internal.reflect.DelegatingMethodAccessorImpl.invoke(DelegatingMethodAccessorImpl.java:43)
at java.base/java.lang.reflect.Method.invoke(Method.java:568)
at org.testng.internal.MethodInvocationHelper.invokeMethod(MethodInvocationHelper.java:133)
at org.testng.internal.MethodInvocationHelper.invokeMethodConsideringTimeout(MethodInvocationHelper.java:62)
at org.testng.internal.ConfigInvoker.invokeConfigurationMethod(ConfigInvoker.java:385)
at org.testng.internal.ConfigInvoker.invokeConfigurations(ConfigInvoker.java:321)
at org.testng.internal.TestMethodWorker.invokeBeforeClassMethods(TestMethodWorker.java:176)
at org.testng.internal.TestMethodWorker.run(TestMethodWorker.java:122)
at java.base/java.util.ArrayList.forEach(ArrayList.java:1511)
at org.testng.TestRunner.privateRun(TestRunner.java:794)
at org.testng.TestRunner.run(TestRunner.java:596)
at org.testng.SuiteRunner.runTest(SuiteRunner.java:377)
at org.testng.SuiteRunner.runSequentially(SuiteRunner.java:371)
at org.testng.SuiteRunner.privateRun(SuiteRunner.java:332)
at org.testng.SuiteRunner.run(SuiteRunner.java:276)
at org.testng.SuiteRunnerWorker.runSuite(SuiteRunnerWorker.java:53)
at org.testng.SuiteRunnerWorker.run(SuiteRunnerWorker.java:96)
at org.testng.TestNG.runSuitesSequentially(TestNG.java:1212)
at org.testng.TestNG.runSuitesLocally(TestNG.java:1134)
at org.testng.TestNG.runSuites(TestNG.java:1063)
at org.testng.TestNG.run(TestNG.java:1031)
at org.testng.remote.AbstractRemoteTestNG.run(AbstractRemoteTestNG.java:115)
at org.testng.remote.RemoteTestNG.initAndRun(RemoteTestNG.java:251)
at org.testng.remote.RemoteTestNG.main(RemoteTestNG.java:77)
]]>
            </full-stacktrace>
          </exception> <!-- org.openqa.selenium.SessionNotCreatedException -->
          <reporter-output>
          </reporter-output>
        </test-method> <!-- addCartPage -->
        <test-method is-config="true" signature="closeApp()[pri:0, instance:TESTSCRIPT.AddCartProduct@3a44431a]" started-at="2023-12-19T13:09:41 IST" name="closeApp" finished-at="1970-01-01T05:30:00 IST" duration-ms="-1702971581982" status="SKIP">
          <reporter-output>
          </reporter-output>
        </test-method> <!-- closeApp -->
        <test-method is-config="true" signature="stopServer()[pri:0, instance:TESTSCRIPT.AddCartProduct@3a44431a]" started-at="2023-12-19T13:09:42 IST" name="stopServer" finished-at="2023-12-19T13:09:42 IST" duration-ms="64" status="PASS">
          <reporter-output>
          </reporter-output>
        </test-method> <!-- stopServer -->
      </class> <!-- TESTSCRIPT.AddCartProduct -->
    </test> <!-- Default test -->
  </suite> <!-- Default suite -->
</testng-results>
